[35m[HTTP][39m [37m-->[39m [37mPOST[39m [37m/session[39m
[35m[HTTP][39m [90m{"capabilities":{"alwaysMatch":{"appWaitDuration":50000,"platformName":"Android","noReset":false,"udid":"emulator-5554","platformVersion":"10","app":"/Users/cgarcete/Desktop/proyectos propios/bitriseTestAuto/appium-mobile/apps/loginExample.apk","appPackage":"com.loginexample","appActivity":"com.loginexample.MainActivity","skipServerInstallation":true},"firstMatch":[{}]},"desiredCapabilities":{"appWaitDuration":50000,"platformName":"Android","noReset":false,"udid":"emulator-5554","platformVersion":"10","app":"/Users/cgarcete/Desktop/proyectos propios/bitriseTestAuto/appium-mobile/apps/loginExample.apk","appPackage":"com.loginexample","appActivity":"com.loginexample.MainActivity","skipServerInstallation":true}}[39m
[debug] [35m[W3C][39m Calling AppiumDriver.createSession() with args: [{"appWaitDuration":50000,"platformName":"Android","noReset":false,"udid":"emulator-5554","platformVersion":"10","app":"/Users/cgarcete/Desktop/proyectos propios/bitriseTestAuto/appium-mobile/apps/loginExample.apk","appPackage":"com.loginexample","appActivity":"com.loginexample.MainActivity","skipServerInstallation":true},null,{"alwaysMatch":{"appWaitDuration":50000,"platformName":"Android","noReset":false,"udid":"emulator-5554","platformVersion":"10","app":"/Users/cgarcete/Desktop/proyectos propios/bitriseTestAuto/appium-mobile/apps/loginExample.apk","appPackage":"com.loginexample","appActivity":"com.loginexample.MainActivity","skipServerInstallation":true},"firstMatch":[{}]}]
[debug] [35m[BaseDriver][39m Event 'newSessionRequested' logged at 1607605541456 (10:05:41 GMT-0300 (Argentina Standard Time))
[35m[BaseDriver][39m The following capabilities are not standard capabilities and should have an extension prefix:
[35m[BaseDriver][39m   appWaitDuration
[35m[BaseDriver][39m   noReset
[35m[BaseDriver][39m   udid
[35m[BaseDriver][39m   platformVersion
[35m[BaseDriver][39m   app
[35m[BaseDriver][39m   appPackage
[35m[BaseDriver][39m   appActivity
[35m[BaseDriver][39m   skipServerInstallation
[35m[Appium][39m 
[35m[Appium][39m ======================================================================
[35m[Appium][39m   DEPRECATION WARNING:
[35m[Appium][39m 
[35m[Appium][39m   The 'automationName' capability was not provided in the desired 
[35m[Appium][39m   capabilities for this Android session
[35m[Appium][39m 
[35m[Appium][39m   Setting 'automationName=UiAutomator2' by default and using the 
[35m[Appium][39m   UiAutomator2 Driver
[35m[Appium][39m 
[35m[Appium][39m   The next major version of Appium (2.x) will **require** the 
[35m[Appium][39m   'automationName' capability to be set for all sessions on all 
[35m[Appium][39m   platforms
[35m[Appium][39m 
[35m[Appium][39m   In previous versions (Appium <= 1.13.x), the default was 
[35m[Appium][39m   'automationName=UiAutomator1'
[35m[Appium][39m 
[35m[Appium][39m   If you wish to use that automation instead of UiAutomator2, please 
[35m[Appium][39m   add 'automationName=UiAutomator1' to your desired capabilities
[35m[Appium][39m 
[35m[Appium][39m   For more information about drivers, please visit 
[35m[Appium][39m   http://appium.io/docs/en/about-appium/intro/ and explore the 
[35m[Appium][39m   'Drivers' menu
[35m[Appium][39m 
[35m[Appium][39m ======================================================================
[35m[Appium][39m 
[35m[Appium][39m Appium v1.19.0 creating new AndroidUiautomator2Driver (v1.59.0) session
[debug] [35m[BaseDriver][39m W3C capabilities and MJSONWP desired capabilities were provided
[debug] [35m[BaseDriver][39m Creating session with W3C capabilities: {
[debug] [35m[BaseDriver][39m   "alwaysMatch": {
[debug] [35m[BaseDriver][39m     "appium:appWaitDuration": 50000,
[debug] [35m[BaseDriver][39m     "platformName": "Android",
[debug] [35m[BaseDriver][39m     "appium:noReset": false,
[debug] [35m[BaseDriver][39m     "appium:udid": "emulator-5554",
[debug] [35m[BaseDriver][39m     "appium:platformVersion": "10",
[debug] [35m[BaseDriver][39m     "appium:app": "/Users/cgarcete/Desktop/proyectos propios/bitriseTestAuto/appium-mobile/apps/loginExample.apk",
[debug] [35m[BaseDriver][39m     "appium:appPackage": "com.loginexample",
[debug] [35m[BaseDriver][39m     "appium:appActivity": "com.loginexample.MainActivity",
[debug] [35m[BaseDriver][39m     "appium:skipServerInstallation": true
[debug] [35m[BaseDriver][39m   },
[debug] [35m[BaseDriver][39m   "firstMatch": [
[debug] [35m[BaseDriver][39m     {}
[debug] [35m[BaseDriver][39m   ]
[debug] [35m[BaseDriver][39m }
[35m[BaseDriver][39m Session created with session id: 43cd3c2d-a7bd-4fda-8575-88cd1635e36b
[35m[BaseDriver][39m Using local app '/Users/cgarcete/Desktop/proyectos propios/bitriseTestAuto/appium-mobile/apps/loginExample.apk'
[debug] [35m[UiAutomator2][39m Checking whether app is actually present
[35m[ADB][39m Found 8 'build-tools' folders under '/Users/cgarcete/Library/Android/sdk' (newest first):
[35m[ADB][39m     /Users/cgarcete/Library/Android/sdk/build-tools/29.0.2
[35m[ADB][39m     /Users/cgarcete/Library/Android/sdk/build-tools/29.0.0
[35m[ADB][39m     /Users/cgarcete/Library/Android/sdk/build-tools/28.0.3
[35m[ADB][39m     /Users/cgarcete/Library/Android/sdk/build-tools/28.0.2
[35m[ADB][39m     /Users/cgarcete/Library/Android/sdk/build-tools/28.0.1
[35m[ADB][39m     /Users/cgarcete/Library/Android/sdk/build-tools/28.0.0
[35m[ADB][39m     /Users/cgarcete/Library/Android/sdk/build-tools/25.0.3
[35m[ADB][39m     /Users/cgarcete/Library/Android/sdk/build-tools/25.0.0
[35m[ADB][39m Using 'adb' from '/Users/cgarcete/Library/Android/sdk/platform-tools/adb'
[debug] [35m[ADB][39m Running '/Users/cgarcete/Library/Android/sdk/platform-tools/adb -P 5037 start-server'
[35m[AndroidDriver][39m Retrieving device list
[debug] [35m[ADB][39m Trying to find a connected android device
[debug] [35m[ADB][39m Getting connected devices
[debug] [35m[ADB][39m Connected devices: [{"udid":"emulator-5554","state":"device"}]
[35m[AndroidDriver][39m Using device: emulator-5554
[35m[ADB][39m Using 'adb' from '/Users/cgarcete/Library/Android/sdk/platform-tools/adb'
[debug] [35m[ADB][39m Running '/Users/cgarcete/Library/Android/sdk/platform-tools/adb -P 5037 start-server'
[debug] [35m[ADB][39m Setting device id to emulator-5554
[debug] [35m[ADB][39m Running '/Users/cgarcete/Library/Android/sdk/platform-tools/adb -P 5037 -s emulator-5554 shell getprop ro.build.version.sdk'
[debug] [35m[ADB][39m Current device property 'ro.build.version.sdk': 29
[35m[ADB][39m Getting device platform version
[debug] [35m[ADB][39m Running '/Users/cgarcete/Library/Android/sdk/platform-tools/adb -P 5037 -s emulator-5554 shell getprop ro.build.version.release'
[debug] [35m[ADB][39m Current device property 'ro.build.version.release': 10
[debug] [35m[ADB][39m Device API level: 29
[35m[UiAutomator2][39m Relaxing hidden api policy
[debug] [35m[ADB][39m Running '/Users/cgarcete/Library/Android/sdk/platform-tools/adb -P 5037 -s emulator-5554 shell 'settings put global hidden_api_policy_pre_p_apps 1;settings put global hidden_api_policy_p_apps 1;settings put global hidden_api_policy 1''
[debug] [35m[ADB][39m Running '/Users/cgarcete/Library/Android/sdk/platform-tools/adb -P 5037 -s emulator-5554 wait-for-device'
[debug] [35m[ADB][39m Running '/Users/cgarcete/Library/Android/sdk/platform-tools/adb -P 5037 -s emulator-5554 shell echo ping'
[debug] [35m[AndroidDriver][39m Pushing settings apk to device...
[debug] [35m[ADB][39m Getting install status for io.appium.settings
[debug] [35m[ADB][39m Running '/Users/cgarcete/Library/Android/sdk/platform-tools/adb -P 5037 -s emulator-5554 shell dumpsys package io.appium.settings'
[debug] [35m[ADB][39m 'io.appium.settings' is installed
[debug] [35m[ADB][39m Getting package info for 'io.appium.settings'
[debug] [35m[ADB][39m Running '/Users/cgarcete/Library/Android/sdk/platform-tools/adb -P 5037 -s emulator-5554 shell dumpsys package io.appium.settings'
[debug] [35m[ADB][39m The version name of the installed 'io.appium.settings' is greater or equal to the application version name ('3.2.1' >= '3.2.1')
[debug] [35m[ADB][39m There is no need to install/upgrade '/usr/local/lib/node_modules/appium/node_modules/io.appium.settings/apks/settings_apk-debug.apk'
[debug] [35m[ADB][39m Getting IDs of all 'io.appium.settings' processes
[debug] [35m[ADB][39m Running '/Users/cgarcete/Library/Android/sdk/platform-tools/adb -P 5037 -s emulator-5554 shell 'pgrep --help; echo $?''
[debug] [35m[ADB][39m Running '/Users/cgarcete/Library/Android/sdk/platform-tools/adb -P 5037 -s emulator-5554 shell pgrep -f \(\[\[:blank:\]\]\|\^\)io\.appium\.settings\(\[\[:blank:\]\]\|\$\)'
[debug] [35m[AndroidDriver][39m io.appium.settings is already running. There is no need to reset its permissions.
[debug] [35m[Logcat][39m Starting logs capture with command: /Users/cgarcete/Library/Android/sdk/platform-tools/adb -P 5037 -s emulator-5554 logcat -v threadtime
[debug] [35m[UiAutomator2][39m Forwarding UiAutomator2 Server port 6790 to local port 8200
[debug] [35m[ADB][39m Forwarding system: 8200 to device: 6790
[debug] [35m[ADB][39m Running '/Users/cgarcete/Library/Android/sdk/platform-tools/adb -P 5037 -s emulator-5554 forward tcp:8200 tcp:6790'
[35m[UiAutomator2][39m 'skipServerInstallation' is set. Skipping UIAutomator2 server installation.
[debug] [35m[ADB][39m Checking app cert for /Users/cgarcete/Desktop/proyectos propios/bitriseTestAuto/appium-mobile/apps/loginExample.apk
[35m[ADB][39m Using 'apksigner.jar' from '/Users/cgarcete/Library/Android/sdk/build-tools/29.0.2/lib/apksigner.jar'
[debug] [35m[ADB][39m Starting apksigner: /Library/Java/JavaVirtualMachines/jdk1.8.0_221.jdk/Contents/Home/bin/java -Xmx1024M -Xss1m -jar /Users/cgarcete/Library/Android/sdk/build-tools/29.0.2/lib/apksigner.jar verify --print-certs '/Users/cgarcete/Desktop/proyectos propios/bitriseTestAuto/appium-mobile/apps/loginExample.apk'
[debug] [35m[ADB][39m apksigner stdout: Signer #1 certificate DN: CN=Claudio Garcete, OU=Freelanceer, O=Free, L=Munro, ST=Buenos Aires, C=AR
[debug] [35m[ADB][39m Signer #1 certificate SHA-256 digest: b417b22e0cbd52b04ff94e22046da422e186538822b40b40181328a51662a05f
[debug] [35m[ADB][39m Signer #1 certificate SHA-1 digest: fa010687d94747102bb3f1072ea9ee67a677459f
[debug] [35m[ADB][39m Signer #1 certificate MD5 digest: 8c026b338459511545b9dbcd323f0424
[debug] [35m[ADB][39m 
[35m[ADB][39m '/Users/cgarcete/Desktop/proyectos propios/bitriseTestAuto/appium-mobile/apps/loginExample.apk' is signed with a non-default certificate
[debug] [35m[ADB][39m Getting install status for com.loginexample
[debug] [35m[ADB][39m Running '/Users/cgarcete/Library/Android/sdk/platform-tools/adb -P 5037 -s emulator-5554 shell dumpsys package com.loginexample'
[debug] [35m[ADB][39m 'com.loginexample' is installed
[debug] [35m[ADB][39m Getting package info for 'com.loginexample'
[debug] [35m[ADB][39m Running '/Users/cgarcete/Library/Android/sdk/platform-tools/adb -P 5037 -s emulator-5554 shell dumpsys package com.loginexample'
[debug] [35m[ADB][39m The version name of the installed 'com.loginexample' is greater or equal to the application version name ('1.0.0' >= '1.0.0')
[debug] [35m[ADB][39m There is no need to install/upgrade '/Users/cgarcete/Desktop/proyectos propios/bitriseTestAuto/appium-mobile/apps/loginExample.apk'
[35m[AndroidDriver][39m Performing fast reset on 'com.loginexample'
[debug] [35m[ADB][39m Getting install status for com.loginexample
[debug] [35m[ADB][39m Running '/Users/cgarcete/Library/Android/sdk/platform-tools/adb -P 5037 -s emulator-5554 shell dumpsys package com.loginexample'
[debug] [35m[ADB][39m 'com.loginexample' is installed
[debug] [35m[ADB][39m Running '/Users/cgarcete/Library/Android/sdk/platform-tools/adb -P 5037 -s emulator-5554 shell am force-stop com.loginexample'
[debug] [35m[ADB][39m Running '/Users/cgarcete/Library/Android/sdk/platform-tools/adb -P 5037 -s emulator-5554 shell pm clear com.loginexample'
[debug] [35m[AndroidDriver][39m Performed fast reset on the installed 'com.loginexample' application (stop and clear)
[debug] [35m[UiAutomator2][39m Performing shallow cleanup of automation leftovers
[debug] [35m[UiAutomator2][39m No obsolete sessions have been detected (socket hang up)
[debug] [35m[ADB][39m Running '/Users/cgarcete/Library/Android/sdk/platform-tools/adb -P 5037 -s emulator-5554 shell am force-stop io.appium.uiautomator2.server.test'
[35m[UiAutomator2][39m 'skipServerInstallation' is set. Attempting to use UIAutomator2 server from the device
[35m[UiAutomator2][39m Waiting up to 30000ms for UiAutomator2 to be online...
[debug] [35m[ADB][39m Creating ADB subprocess with args: ["-P",5037,"-s","emulator-5554","shell","am","instrument","-w","io.appium.uiautomator2.server.test/androidx.test.runner.AndroidJUnitRunner"]
[debug] [35m[WD Proxy][39m Matched '/status' to command name 'getStatus'
[debug] [35m[WD Proxy][39m Proxying [GET /status] to [GET http://127.0.0.1:8200/wd/hub/status] with no body
[35m[WD Proxy][39m socket hang up
[debug] [35m[Instrumentation][39m io.appium.uiautomator2.server.test.AppiumUiAutomator2Server:
[debug] [35m[WD Proxy][39m Matched '/status' to command name 'getStatus'
[debug] [35m[WD Proxy][39m Proxying [GET /status] to [GET http://127.0.0.1:8200/wd/hub/status] with no body
[35m[WD Proxy][39m socket hang up
[debug] [35m[WD Proxy][39m Matched '/status' to command name 'getStatus'
[debug] [35m[WD Proxy][39m Proxying [GET /status] to [GET http://127.0.0.1:8200/wd/hub/status] with no body
[debug] [35m[WD Proxy][39m Got response with status 200: {"sessionId":"None","value":{"message":"UiAutomator2 Server is ready to accept commands","ready":true}}
[debug] [35m[UiAutomator2][39m The initialization of the instrumentation process took 3174ms
[debug] [35m[WD Proxy][39m Matched '/session' to command name 'createSession'
[debug] [35m[WD Proxy][39m Proxying [POST /session] to [POST http://127.0.0.1:8200/wd/hub/session] with body: {"capabilities":{"firstMatch":[{"platform":"LINUX","webStorageEnabled":false,"takesScreenshot":true,"javascriptEnabled":true,"databaseEnabled":false,"networkConnectionEnabled":true,"locationContextEnabled":false,"warnings":{},"desired":{"platformName":"Android","appWaitDuration":50000,"noReset":false,"udid":"emulator-5554","platformVersion":"10","app":"/Users/cgarcete/Desktop/proyectos propios/bitriseTestAuto/appium-mobile/apps/loginExample.apk","appPackage":"com.loginexample","appActivity":"com.loginexample.MainActivity","skipServerInstallation":true},"platformName":"Android","appWaitDuration":50000,"noReset":false,"udid":"emulator-5554","platformVersion":"10","app":"/Users/cgarcete/Desktop/proyectos propios/bitriseTestAuto/appium-mobile/apps/loginExample.apk","appPackage":"com.loginexample","appActivity":"com.loginexample.MainActivity","skipServerInstallation":true,"deviceName":"emulator-5554","deviceUDID":"emulator-5554"}],"alwaysMatch":{}}}
[debug] [35m[WD Proxy][39m Got response with status 200: {"sessionId":"8d98e7f9-577a-4c66-b633-17f16ca651bf","value":{"capabilities":{"firstMatch":[{"platform":"LINUX","webStorageEnabled":false,"takesScreenshot":true,"javascriptEnabled":true,"databaseEnabled":false,"networkConnectionEnabled":true,"locationContextEnabled":false,"warnings":{},"desired":{"platformName":"Android","appWaitDuration":50000,"noReset":false,"udid":"emulator-5554","platformVersion":"10","app":"/Users/cgarcete/Desktop/proyectos propios/bitriseTestAuto/appium-mobile/apps/loginExample.apk","appPackage":"com.loginexample","appActivity":"com.loginexample.MainActivity","skipServerInstallation":true},"platformName":"Android","appWaitDuration":50000,"noReset":false,"udid":"emulator-5554","platformVersion":"10","app":"/Users/cgarcete/Desktop/proyectos propios/bitriseTestAuto/appium-mobile/apps/loginExample.apk","appPackage":"com.loginexample","appActivity":"com.loginexample.MainActivity","skipServerInstallation":true,"deviceName":"emulator-5554","deviceUDID":"emulator-5554"}],"alwaysMatch":{}},"se...
[35m[WD Proxy][39m Determined the downstream protocol as 'W3C'
[debug] [35m[WD Proxy][39m Proxying [GET /appium/device/info] to [GET http://127.0.0.1:8200/wd/hub/session/8d98e7f9-577a-4c66-b633-17f16ca651bf/appium/device/info] with no body
[debug] [35m[WD Proxy][39m Got response with status 200: {"sessionId":"8d98e7f9-577a-4c66-b633-17f16ca651bf","value":{"androidId":"af228fb252892ba5","apiVersion":"29","bluetooth":null,"brand":"google","carrierName":"Android","displayDensity":440,"locale":"en_US","manufacturer":"Google","model":"Android SDK built for x86","networks":[{"capabilities":{"SSID":null,"linkDownBandwidthKbps":1048576,"linkUpstreamBandwidthKbps":1048576,"networkCapabilities":"NET_CAPABILITY_NOT_METERED,NET_CAPABILITY_INTERNET,NET_CAPABILITY_NOT_RESTRICTED,NET_CAPABILITY_TRUSTED,NET_CAPABILITY_NOT_VPN,NET_CAPABILITY_VALIDATED,NET_CAPABILITY_NOT_ROAMING,NET_CAPABILITY_FOREGROUND,NET_CAPABILITY_NOT_CONGESTED,NET_CAPABILITY_NOT_SUSPENDED","signalStrength":-30,"transportTypes":"TRANSPORT_WIFI"},"detailedState":"CONNECTED","extraInfo":null,"isAvailable":true,"isConnected":true,"isFailover":false,"isRoaming":false,"state":"CONNECTED","subtype":0,"subtypeName":"","type":1,"typeName":"WIFI"}],"platformVersion":"10","realDisplaySize":"1080x2160","timeZone":"America/Argentina/Buenos_Aires"}}
[debug] [35m[ADB][39m Running '/Users/cgarcete/Library/Android/sdk/platform-tools/adb -P 5037 -s emulator-5554 shell dumpsys window'
[35m[AndroidDriver][39m Screen already unlocked, doing nothing
[35m[UiAutomator2][39m Starting 'com.loginexample/com.loginexample.MainActivity and waiting for 'com.loginexample/com.loginexample.MainActivity'
[debug] [35m[ADB][39m Running '/Users/cgarcete/Library/Android/sdk/platform-tools/adb -P 5037 -s emulator-5554 shell am start -W -n com.loginexample/com.loginexample.MainActivity -S -a android.intent.action.MAIN -c android.intent.category.LAUNCHER -f 0x10200000'
[debug] [35m[WD Proxy][39m Proxying [GET /appium/device/pixel_ratio] to [GET http://127.0.0.1:8200/wd/hub/session/8d98e7f9-577a-4c66-b633-17f16ca651bf/appium/device/pixel_ratio] with no body
[debug] [35m[WD Proxy][39m Got response with status 200: {"sessionId":"8d98e7f9-577a-4c66-b633-17f16ca651bf","value":2.75}
[debug] [35m[WD Proxy][39m Matched '/appium/device/system_bars' to command name 'getSystemBars'
[debug] [35m[WD Proxy][39m Proxying [GET /appium/device/system_bars] to [GET http://127.0.0.1:8200/wd/hub/session/8d98e7f9-577a-4c66-b633-17f16ca651bf/appium/device/system_bars] with no body
[debug] [35m[WD Proxy][39m Got response with status 200: {"sessionId":"8d98e7f9-577a-4c66-b633-17f16ca651bf","value":{"statusBar":66}}
[debug] [35m[WD Proxy][39m Matched '/window/current/size' to command name 'getWindowSize'
[debug] [35m[WD Proxy][39m Proxying [GET /window/current/size] to [GET http://127.0.0.1:8200/wd/hub/session/8d98e7f9-577a-4c66-b633-17f16ca651bf/window/current/size] with no body
[debug] [35m[WD Proxy][39m Got response with status 200: {"sessionId":"8d98e7f9-577a-4c66-b633-17f16ca651bf","value":{"height":2028,"width":1080}}
[35m[Appium][39m New AndroidUiautomator2Driver session created successfully, session 43cd3c2d-a7bd-4fda-8575-88cd1635e36b added to master session list
[debug] [35m[BaseDriver][39m Event 'newSessionStarted' logged at 1607605547921 (10:05:47 GMT-0300 (Argentina Standard Time))
[debug] [35m[W3C (43cd3c2d)][39m Cached the protocol value 'W3C' for the new session 43cd3c2d-a7bd-4fda-8575-88cd1635e36b
[debug] [35m[W3C (43cd3c2d)][39m Responding to client with driver.createSession() result: {"capabilities":{"platform":"LINUX","webStorageEnabled":false,"takesScreenshot":true,"javascriptEnabled":true,"databaseEnabled":false,"networkConnectionEnabled":true,"locationContextEnabled":false,"warnings":{},"desired":{"platformName":"Android","appWaitDuration":50000,"noReset":false,"udid":"emulator-5554","platformVersion":"10","app":"/Users/cgarcete/Desktop/proyectos propios/bitriseTestAuto/appium-mobile/apps/loginExample.apk","appPackage":"com.loginexample","appActivity":"com.loginexample.MainActivity","skipServerInstallation":true},"platformName":"Android","appWaitDuration":50000,"noReset":false,"udid":"emulator-5554","platformVersion":"10","app":"/Users/cgarcete/Desktop/proyectos propios/bitriseTestAuto/appium-mobile/apps/loginExample.apk","appPackage":"com.loginexample","appActivity":"com.loginexample.MainActivity","skipServerInstallation":true,"deviceName":"emulator-5554","deviceUDID":"emulator-5554","deviceApiLevel":29,"deviceScreenSize":"1080x2160","deviceScreenDensity":440,"deviceModel":"Androi...
[35m[HTTP][39m [37m<-- POST /session [39m[32m200[39m [90m6471 ms - 1233[39m
[35m[HTTP][39m [90m[39m
[35m[HTTP][39m [37m-->[39m [37mPOST[39m [37m/session/43cd3c2d-a7bd-4fda-8575-88cd1635e36b/context[39m
[35m[HTTP][39m [90m{"name":"NATIVE_APP"}[39m
[debug] [35m[W3C (43cd3c2d)][39m Calling AppiumDriver.setContext() with args: ["NATIVE_APP","43cd3c2d-a7bd-4fda-8575-88cd1635e36b"]
[debug] [35m[W3C (43cd3c2d)][39m Responding to client with driver.setContext() result: null
[35m[HTTP][39m [37m<-- POST /session/43cd3c2d-a7bd-4fda-8575-88cd1635e36b/context [39m[32m200[39m [90m6 ms - 14[39m
[35m[HTTP][39m [90m[39m
[35m[HTTP][39m [37m-->[39m [37mDELETE[39m [37m/session/43cd3c2d-a7bd-4fda-8575-88cd1635e36b[39m
[35m[HTTP][39m [90m{}[39m
[debug] [35m[W3C (43cd3c2d)][39m Calling AppiumDriver.deleteSession() with args: ["43cd3c2d-a7bd-4fda-8575-88cd1635e36b"]
[debug] [35m[BaseDriver][39m Event 'quitSessionRequested' logged at 1607605552074 (10:05:52 GMT-0300 (Argentina Standard Time))
[35m[Appium][39m Removing session 43cd3c2d-a7bd-4fda-8575-88cd1635e36b from our master session list
[debug] [35m[UiAutomator2][39m Deleting UiAutomator2 session
[debug] [35m[UiAutomator2][39m Deleting UiAutomator2 server session
[debug] [35m[WD Proxy][39m Matched '/' to command name 'deleteSession'
[debug] [35m[WD Proxy][39m Proxying [DELETE /] to [DELETE http://127.0.0.1:8200/wd/hub/session/8d98e7f9-577a-4c66-b633-17f16ca651bf] with no body
[debug] [35m[WD Proxy][39m Got response with status 200: {"sessionId":"8d98e7f9-577a-4c66-b633-17f16ca651bf","value":null}
[debug] [35m[ADB][39m Running '/Users/cgarcete/Library/Android/sdk/platform-tools/adb -P 5037 -s emulator-5554 shell am force-stop com.loginexample'
[debug] [35m[Logcat][39m Stopping logcat capture
[debug] [35m[ADB][39m Removing forwarded port socket connection: 8200 
[debug] [35m[ADB][39m Running '/Users/cgarcete/Library/Android/sdk/platform-tools/adb -P 5037 -s emulator-5554 forward --remove tcp:8200'
[35m[UiAutomator2][39m Restoring hidden api policy to the device default configuration
[debug] [35m[ADB][39m Running '/Users/cgarcete/Library/Android/sdk/platform-tools/adb -P 5037 -s emulator-5554 shell 'settings delete global hidden_api_policy_pre_p_apps;settings delete global hidden_api_policy_p_apps;settings delete global hidden_api_policy''
[debug] [35m[BaseDriver][39m Event 'quitSessionFinished' logged at 1607605552294 (10:05:52 GMT-0300 (Argentina Standard Time))
[debug] [35m[W3C (43cd3c2d)][39m Received response: null
[debug] [35m[W3C (43cd3c2d)][39m But deleting session, so not returning
[debug] [35m[W3C (43cd3c2d)][39m Responding to client with driver.deleteSession() result: null
[debug] [35m[W3C (43cd3c2d)][39m Destroying socket connection
[35m[HTTP][39m [37m<-- DELETE /session/43cd3c2d-a7bd-4fda-8575-88cd1635e36b [39m[32m200[39m [90m223 ms - 14[39m
[35m[HTTP][39m [90m[39m
[35m[Appium][39m Received SIGTERM - shutting down
[debug] [35m[Appium][39m There are no active sessions for cleanup
[35m[HTTP][39m Waiting until the server is closed
[35m[HTTP][39m Received server close event
